0 info it worked if it ends with ok
1 verbose cli [ '/usr/bin/node', '/usr/bin/npm', 'run', 'pretest' ]
2 info using npm@3.5.2
3 info using node@v8.10.0
4 verbose run-script [ 'pretest' ]
5 info lifecycle fortiate@0.2.3~pretest: fortiate@0.2.3
6 verbose lifecycle fortiate@0.2.3~pretest: unsafe-perm in lifecycle true
7 verbose lifecycle fortiate@0.2.3~pretest: PATH: /usr/share/npm/bin/node-gyp-bin:/home/gayatri/fortiate/build/workspaces/fortiate-cli/node_modules/.bin:/home/gayatri/anaconda3/bin:/home/gayatri/anaconda3/condabin:/usr/local/sbin:/usr/local/bin:/usr/sbin:/usr/bin:/sbin:/bin:/usr/games:/usr/local/games
8 verbose lifecycle fortiate@0.2.3~pretest: CWD: /home/gayatri/fortiate/build/workspaces/fortiate-cli
9 silly lifecycle fortiate@0.2.3~pretest: Args: [ '-c', 'eslint --ignore-path .gitignore .' ]
10 info lifecycle fortiate@0.2.3~pretest: Failed to exec pretest script
11 verbose stack Error: fortiate@0.2.3 pretest: `eslint --ignore-path .gitignore .`
11 verbose stack spawn ENOENT
11 verbose stack     at ChildProcess.<anonymous> (/usr/share/npm/lib/utils/spawn.js:17:16)
11 verbose stack     at emitTwo (events.js:126:13)
11 verbose stack     at ChildProcess.emit (events.js:214:7)
11 verbose stack     at maybeClose (internal/child_process.js:925:16)
11 verbose stack     at Process.ChildProcess._handle.onexit (internal/child_process.js:209:5)
12 verbose pkgid fortiate@0.2.3
13 verbose cwd /home/gayatri/fortiate/build/workspaces/fortiate-cli
14 error Linux 5.3.0-51-generic
15 error argv "/usr/bin/node" "/usr/bin/npm" "run" "pretest"
16 error node v8.10.0
17 error npm  v3.5.2
18 error file sh
19 error code ELIFECYCLE
20 error errno ENOENT
21 error syscall spawn
22 error fortiate@0.2.3 pretest: `eslint --ignore-path .gitignore .`
22 error spawn ENOENT
23 error Failed at the fortiate@0.2.3 pretest script 'eslint --ignore-path .gitignore .'.
23 error Make sure you have the latest version of node.js and npm installed.
23 error If you do, this is most likely a problem with the fortiate package,
23 error not with npm itself.
23 error Tell the author that this fails on your system:
23 error     eslint --ignore-path .gitignore .
23 error You can get information on how to open an issue for this project with:
23 error     npm bugs fortiate
23 error Or if that isn't available, you can get their info via:
23 error     npm owner ls fortiate
23 error There is likely additional logging output above.
24 verbose exit [ 1, true ]
